<?xml version="1.0" encoding="UTF-8"?>
<!-- Generated by org.testng.reporters.JUnitReportReporter -->
<testsuite hostname="AmiraElBahrawy" name="Runner.TestRunner" tests="1" failures="0" timestamp="28 Feb 2021 11:23:55 GMT" time="22.882" errors="0">
  <testcase name="runScenario" time="22.882" classname="Runner.TestRunner"/>
</testsuite> <!-- Runner.TestRunner -->
