<?xml version="1.0" encoding="UTF-8"?>
<!-- Generated by org.testng.reporters.JUnitReportReporter -->
<testsuite hostname="AmiraElBahrawy" failures="0" tests="3" name="Runner.TestRunner" time="67.495" errors="0" timestamp="2021-02-28T15:35:45 EET" skipped="0">
  <testcase classname="Runner.TestRunner" name="runScenario" time="23.095"/>
  <system-out/>
  <testcase classname="Runner.TestRunner" name="runScenario" time="22.994"/>
  <system-out/>
  <testcase classname="Runner.TestRunner" name="runScenario" time="21.406"/>
  <system-out/>
</testsuite> <!-- Runner.TestRunner -->
